Started by user [8mha:////4G54nw6Jo+VW5g3yS9ldqS6W0wIz4X2/Tlqrbx/3n+SyAAAAmh+LCAAAAAAAAP9b85aBtbiIQTGjNKU4P08vOT+vOD8nVc83PyU1x6OyILUoJzMv2y+/JJUBAhiZGBgqihhk0NSjKDWzXb3RdlLBUSYGJk8GtpzUvPSSDB8G5tKinBIGIZ+sxLJE/ZzEvHT94JKizLx0a6BxUmjGOUNodHsLgAzWEgY+/dLi1CL9gqLE4ozEvBIAELPvQcMAAAA=[0madmin
[Wed Sep 04 10:28:21 UTC 2024] Starting branch indexing...
 > git --version # timeout=10
 > git --version # 'git version 2.39.2'
 > git ls-remote --symref -- https://github.com/Prashant-1980/FullStack-Blogging-App.git # timeout=10
 > git rev-parse --resolve-git-dir /var/jenkins_home/caches/git-029459318f0315f2fa3ac1aaebd4ed8b/.git # timeout=10
Setting origin to https://github.com/Prashant-1980/FullStack-Blogging-App.git
 > git config remote.origin.url https://github.com/Prashant-1980/FullStack-Blogging-App.git # timeout=10
Fetching & pruning origin...
Listing remote references...
 > git config --get remote.origin.url # timeout=10
 > git --version # timeout=10
 > git --version # 'git version 2.39.2'
 > git ls-remote -h -- https://github.com/Prashant-1980/FullStack-Blogging-App.git # timeout=10
Fetching upstream changes from origin
 > git config --get remote.origin.url # timeout=10
 > git fetch --tags --force --progress --prune -- origin +refs/heads/*:refs/remotes/origin/* # timeout=10
Checking branches...
  Checking branch main
      ‘Jenkinsfile’ found
    Met criteria
No changes detected: main (still at 4e3a6fcc295c0e5c69c1f7876011e77f3b497db7)
  Checking branch feature
      ‘Jenkinsfile’ found
    Met criteria
No changes detected: feature (still at e926998a8d954c152da948ed7c8eb7d4de3c27ce)
Processed 2 branches
[Wed Sep 04 10:28:24 UTC 2024] Finished branch indexing. Indexing took 2.4 sec
Finished: SUCCESS
